<?xml version="1.0" encoding="UTF-8"?>
<testsuite xmlns:xsi="http://www.w3.org/2001/XMLSchema-instance" xsi:noNamespaceSchemaLocation="https://maven.apache.org/surefire/maven-surefire-plugin/xsd/surefire-test-report.xsd" name="br.com.noteManagement.noteManagementMaven.AppTest" time="0.023" tests="1" errors="0" skipped="0" failures="0">
  <properties>
    <property name="sun.desktop" value="windows"/>
    <property name="awt.toolkit" value="sun.awt.windows.WToolkit"/>
    <property name="java.specification.version" value="11"/>
    <property name="sun.cpu.isalist" value="amd64"/>
    <property name="sun.jnu.encoding" value="Cp1252"/>
    <property name="java.class.path" value="C:\Users\Juliano Shinohara\Desktop\SD\SistemasDistribuidos\RED_GerenciamentoDeNotas\javaServer\noteManagement-maven\target\test-classes;C:\Users\Juliano Shinohara\Desktop\SD\SistemasDistribuidos\RED_GerenciamentoDeNotas\javaServer\noteManagement-maven\target\classes;C:\Users\Juliano Shinohara\.m2\repository\junit\junit\4.11\junit-4.11.jar;C:\Users\Juliano Shinohara\.m2\repository\org\hamcrest\hamcrest-core\1.3\hamcrest-core-1.3.jar;C:\Users\Juliano Shinohara\.m2\repository\org\xerial\sqlite-jdbc\3.39.3.0\sqlite-jdbc-3.39.3.0.jar;C:\Users\Juliano Shinohara\.m2\repository\com\google\protobuf\protobuf-java\3.21.7\protobuf-java-3.21.7.jar;"/>
    <property name="java.vm.vendor" value="Oracle Corporation"/>
    <property name="sun.arch.data.model" value="64"/>
    <property name="user.variant" value=""/>
    <property name="java.vendor.url" value="https://openjdk.java.net/"/>
    <property name="user.timezone" value="America/Sao_Paulo"/>
    <property name="java.vm.specification.version" value="11"/>
    <property name="os.name" value="Windows 10"/>
    <property name="sun.java.launcher" value="SUN_STANDARD"/>
    <property name="user.country" value="BR"/>
    <property name="sun.boot.library.path" value="D:\TytoTek\Ferramentas\jdk-11.0.12_windows-x64_bin\jdk-11.0.12\bin"/>
    <property name="sun.java.command" value="C:\Users\JULIAN~1\AppData\Local\Temp\surefire14070777802847801489\surefirebooter10081881077774358702.jar C:\Users\Juliano Shinohara\AppData\Local\Temp\surefire14070777802847801489 2022-10-11T12-32-20_832-jvmRun1 surefire8791257508603404372tmp surefire_012002921203141050972tmp"/>
    <property name="jdk.debug" value="release"/>
    <property name="surefire.test.class.path" value="C:\Users\Juliano Shinohara\Desktop\SD\SistemasDistribuidos\RED_GerenciamentoDeNotas\javaServer\noteManagement-maven\target\test-classes;C:\Users\Juliano Shinohara\Desktop\SD\SistemasDistribuidos\RED_GerenciamentoDeNotas\javaServer\noteManagement-maven\target\classes;C:\Users\Juliano Shinohara\.m2\repository\junit\junit\4.11\junit-4.11.jar;C:\Users\Juliano Shinohara\.m2\repository\org\hamcrest\hamcrest-core\1.3\hamcrest-core-1.3.jar;C:\Users\Juliano Shinohara\.m2\repository\org\xerial\sqlite-jdbc\3.39.3.0\sqlite-jdbc-3.39.3.0.jar;C:\Users\Juliano Shinohara\.m2\repository\com\google\protobuf\protobuf-java\3.21.7\protobuf-java-3.21.7.jar;"/>
    <property name="sun.cpu.endian" value="little"/>
    <property name="user.home" value="C:\Users\Juliano Shinohara"/>
    <property name="user.language" value="pt"/>
    <property name="java.specification.vendor" value="Oracle Corporation"/>
    <property name="java.version.date" value="2021-07-20"/>
    <property name="java.home" value="D:\TytoTek\Ferramentas\jdk-11.0.12_windows-x64_bin\jdk-11.0.12"/>
    <property name="file.separator" value="\"/>
    <property name="basedir" value="C:\Users\Juliano Shinohara\Desktop\SD\SistemasDistribuidos\RED_GerenciamentoDeNotas\javaServer\noteManagement-maven"/>
    <property name="java.vm.compressedOopsMode" value="Zero based"/>
    <property name="line.separator" value="&#10;"/>
    <property name="java.specification.name" value="Java Platform API Specification"/>
    <property name="java.vm.specification.vendor" value="Oracle Corporation"/>
    <property name="java.awt.graphicsenv" value="sun.awt.Win32GraphicsEnvironment"/>
    <property name="surefire.real.class.path" value="C:\Users\JULIAN~1\AppData\Local\Temp\surefire14070777802847801489\surefirebooter10081881077774358702.jar"/>
    <property name="user.script" value=""/>
    <property name="sun.management.compiler" value="HotSpot 64-Bit Tiered Compilers"/>
    <property name="java.runtime.version" value="11.0.12+8-LTS-237"/>
    <property name="user.name" value="JulianoShinohara"/>
    <property name="path.separator" value=";"/>
    <property name="os.version" value="10.0"/>
    <property name="java.runtime.name" value="Java(TM) SE Runtime Environment"/>
    <property name="file.encoding" value="Cp1252"/>
    <property name="java.vm.name" value="Java HotSpot(TM) 64-Bit Server VM"/>
    <property name="java.vendor.version" value="18.9"/>
    <property name="localRepository" value="C:\Users\Juliano Shinohara\.m2\repository"/>
    <property name="java.vendor.url.bug" value="https://bugreport.java.com/bugreport/"/>
    <property name="java.io.tmpdir" value="C:\Users\JULIAN~1\AppData\Local\Temp\"/>
    <property name="java.version" value="11.0.12"/>
    <property name="user.dir" value="C:\Users\Juliano Shinohara\Desktop\SD\SistemasDistribuidos\RED_GerenciamentoDeNotas\javaServer\noteManagement-maven"/>
    <property name="os.arch" value="amd64"/>
    <property name="java.vm.specification.name" value="Java Virtual Machine Specification"/>
    <property name="java.awt.printerjob" value="sun.awt.windows.WPrinterJob"/>
    <property name="sun.os.patch.level" value=""/>
    <property name="java.library.path" value="D:\TytoTek\Ferramentas\jdk-11.0.12_windows-x64_bin\jdk-11.0.12\bin;C:\Windows\Sun\Java\bin;C:\Windows\system32;C:\Windows;E:\Git\mingw64\bin;E:\Git\usr\bin;C:\Users\Juliano Shinohara\bin;JAVA_HOME%\bin;D:\TytoTek\Ferramentas\apache-maven-3.8.5\bin;C:\Windows\system32;C:\Windows;C:\Windows\System32\Wbem;C:\Windows\System32\WindowsPowerShell\v1.0;C:\Windows\System32\OpenSSH;C:\Program Files\NVIDIA Corporation\NVIDIA NvDLISR;C:\Program Files (x86)\NVIDIA Corporation\PhysX\Common;C:\Program Files\Docker\Docker\resources\bin;C:\ProgramData\DockerDesktop\version-bin;E:\Git\cmd;D:\NodeJS;E:\Python\Scripts;E:\Python;C:\Users\Juliano Shinohara\AppData\Local\Microsoft\WindowsApps;E:\Microsoft VS Code\bin;C:\Users\Juliano Shinohara\AppData\Roaming\npm;."/>
    <property name="java.vendor" value="Oracle Corporation"/>
    <property name="java.vm.info" value="mixed mode"/>
    <property name="java.vm.version" value="11.0.12+8-LTS-237"/>
    <property name="sun.io.unicode.encoding" value="UnicodeLittle"/>
    <property name="java.class.version" value="55.0"/>
  </properties>
  <testcase name="shouldAnswerWithTrue" classname="br.com.noteManagement.noteManagementMaven.AppTest" time="0.002"/>
</testsuite>